This is pdfTeX, Version 3.141592653-2.6-1.40.22 (MiKTeX 21.6) (preloaded format=pdflatex 2021.9.18)  28 JUL 2022 21:59
entering extended mode
**./title.tex
(title.tex
LaTeX2e <2021-06-01>
L3 programming layer <2021-06-01>

! LaTeX Error: Missing \begin{document}.

See the LaTeX manual or LaTeX Companion for explanation.
Type  H <return>  for immediate help.
 ...                                              
                                                  
l.3 	\begin{center}
                   
You're in trouble here.  Try typing  <return>  to proceed.
If that doesn't work, type  X <return>  to quit.


Overfull \hbox (20.0pt too wide) in paragraph at lines 3--3
[] 
 []

! Undefined control sequence.
l.4 		\large
            \textbf{Московский Физико-Технический...
The control sequence at the end of the top line
of your error message was never \def'ed. If you have
misspelled it (e.g., `\hobx'), type `I' and the correct
spelling (e.g., `I\hbox'). Otherwise just continue,
and I'll forget about whatever was undefined.


! Package inputenc Error: Unicode character М (U+041C)
(inputenc)                not set up for use with LaTeX.

See the inputenc package documentation for explanation.
Type  H <return>  for immediate help.
 ...                                              
                                                  
l.4 ...о-Технический Институт}
                                                  \\
You may provide a definition with
\DeclareUnicodeCharacter 


! Package inputenc Error: Unicode character о (U+043E)
(inputenc)                not set up for use with LaTeX.

See the inputenc package documentation for explanation.
Type  H <return>  for immediate help.
 ...                                              
                                                  
l.4 ...о-Технический Институт}
                                                  \\
You may provide a definition with
\DeclareUnicodeCharacter 


! Package inputenc Error: Unicode character с (U+0441)
(inputenc)                not set up for use with LaTeX.

See the inputenc package documentation for explanation.
Type  H <return>  for immediate help.
 ...                                              
                                                  
l.4 ...о-Технический Институт}
                                                  \\
You may provide a definition with
\DeclareUnicodeCharacter 


! Package inputenc Error: Unicode character к (U+043A)
(inputenc)                not set up for use with LaTeX.

See the inputenc package documentation for explanation.
Type  H <return>  for immediate help.
 ...                                              
                                                  
l.4 ...о-Технический Институт}
                                                  \\
You may provide a definition with
\DeclareUnicodeCharacter 


! Package inputenc Error: Unicode character о (U+043E)
(inputenc)                not set up for use with LaTeX.

See the inputenc package documentation for explanation.
Type  H <return>  for immediate help.
 ...                                              
                                                  
l.4 ...о-Технический Институт}
                                                  \\
You may provide a definition with
\DeclareUnicodeCharacter 


! Package inputenc Error: Unicode character в (U+0432)
(inputenc)                not set up for use with LaTeX.

See the inputenc package documentation for explanation.
Type  H <return>  for immediate help.
 ...                                              
                                                  
l.4 ...о-Технический Институт}
                                                  \\
You may provide a definition with
\DeclareUnicodeCharacter 


! Package inputenc Error: Unicode character с (U+0441)
(inputenc)                not set up for use with LaTeX.

See the inputenc package documentation for explanation.
Type  H <return>  for immediate help.
 ...                                              
                                                  
l.4 ...о-Технический Институт}
                                                  \\
You may provide a definition with
\DeclareUnicodeCharacter 


! Package inputenc Error: Unicode character к (U+043A)
(inputenc)                not set up for use with LaTeX.

See the inputenc package documentation for explanation.
Type  H <return>  for immediate help.
 ...                                              
                                                  
l.4 ...о-Технический Институт}
                                                  \\
You may provide a definition with
\DeclareUnicodeCharacter 


! Package inputenc Error: Unicode character и (U+0438)
(inputenc)                not set up for use with LaTeX.

See the inputenc package documentation for explanation.
Type  H <return>  for immediate help.
 ...                                              
                                                  
l.4 ...о-Технический Институт}
                                                  \\
You may provide a definition with
\DeclareUnicodeCharacter 


! Package inputenc Error: Unicode character й (U+0439)
(inputenc)                not set up for use with LaTeX.

See the inputenc package documentation for explanation.
Type  H <return>  for immediate help.
 ...                                              
                                                  
l.4 ...о-Технический Институт}
                                                  \\
You may provide a definition with
\DeclareUnicodeCharacter 


! Package inputenc Error: Unicode character Ф (U+0424)
(inputenc)                not set up for use with LaTeX.

See the inputenc package documentation for explanation.
Type  H <return>  for immediate help.
 ...                                              
                                                  
l.4 ...о-Технический Институт}
                                                  \\
You may provide a definition with
\DeclareUnicodeCharacter 


! Package inputenc Error: Unicode character и (U+0438)
(inputenc)                not set up for use with LaTeX.

See the inputenc package documentation for explanation.
Type  H <return>  for immediate help.
 ...                                              
                                                  
l.4 ...о-Технический Институт}
                                                  \\
You may provide a definition with
\DeclareUnicodeCharacter 


! Package inputenc Error: Unicode character з (U+0437)
(inputenc)                not set up for use with LaTeX.

See the inputenc package documentation for explanation.
Type  H <return>  for immediate help.
 ...                                              
                                                  
l.4 ...о-Технический Институт}
                                                  \\
You may provide a definition with
\DeclareUnicodeCharacter 


! Package inputenc Error: Unicode character и (U+0438)
(inputenc)                not set up for use with LaTeX.

See the inputenc package documentation for explanation.
Type  H <return>  for immediate help.
 ...                                              
                                                  
l.4 ...о-Технический Институт}
                                                  \\
You may provide a definition with
\DeclareUnicodeCharacter 


! Package inputenc Error: Unicode character к (U+043A)
(inputenc)                not set up for use with LaTeX.

See the inputenc package documentation for explanation.
Type  H <return>  for immediate help.
 ...                                              
                                                  
l.4 ...о-Технический Институт}
                                                  \\
You may provide a definition with
\DeclareUnicodeCharacter 


! Package inputenc Error: Unicode character о (U+043E)
(inputenc)                not set up for use with LaTeX.

See the inputenc package documentation for explanation.
Type  H <return>  for immediate help.
 ...                                              
                                                  
l.4 ...о-Технический Институт}
                                                  \\
You may provide a definition with
\DeclareUnicodeCharacter 


! Package inputenc Error: Unicode character Т (U+0422)
(inputenc)                not set up for use with LaTeX.

See the inputenc package documentation for explanation.
Type  H <return>  for immediate help.
 ...                                              
                                                  
l.4 ...о-Технический Институт}
                                                  \\
You may provide a definition with
\DeclareUnicodeCharacter 


! Package inputenc Error: Unicode character е (U+0435)
(inputenc)                not set up for use with LaTeX.

See the inputenc package documentation for explanation.
Type  H <return>  for immediate help.
 ...                                              
                                                  
l.4 ...о-Технический Институт}
                                                  \\
You may provide a definition with
\DeclareUnicodeCharacter 


! Package inputenc Error: Unicode character х (U+0445)
(inputenc)                not set up for use with LaTeX.

See the inputenc package documentation for explanation.
Type  H <return>  for immediate help.
 ...                                              
                                                  
l.4 ...о-Технический Институт}
                                                  \\
You may provide a definition with
\DeclareUnicodeCharacter 


! Package inputenc Error: Unicode character н (U+043D)
(inputenc)                not set up for use with LaTeX.

See the inputenc package documentation for explanation.
Type  H <return>  for immediate help.
 ...                                              
                                                  
l.4 ...о-Технический Институт}
                                                  \\
You may provide a definition with
\DeclareUnicodeCharacter 


! Package inputenc Error: Unicode character и (U+0438)
(inputenc)                not set up for use with LaTeX.

See the inputenc package documentation for explanation.
Type  H <return>  for immediate help.
 ...                                              
                                                  
l.4 ...о-Технический Институт}
                                                  \\
You may provide a definition with
\DeclareUnicodeCharacter 


! Package inputenc Error: Unicode character ч (U+0447)
(inputenc)                not set up for use with LaTeX.

See the inputenc package documentation for explanation.
Type  H <return>  for immediate help.
 ...                                              
                                                  
l.4 ...о-Технический Институт}
                                                  \\
You may provide a definition with
\DeclareUnicodeCharacter 


! Package inputenc Error: Unicode character е (U+0435)
(inputenc)                not set up for use with LaTeX.

See the inputenc package documentation for explanation.
Type  H <return>  for immediate help.
 ...                                              
                                                  
l.4 ...о-Технический Институт}
                                                  \\
You may provide a definition with
\DeclareUnicodeCharacter 


! Package inputenc Error: Unicode character с (U+0441)
(inputenc)                not set up for use with LaTeX.

See the inputenc package documentation for explanation.
Type  H <return>  for immediate help.
 ...                                              
                                                  
l.4 ...о-Технический Институт}
                                                  \\
You may provide a definition with
\DeclareUnicodeCharacter 


! Package inputenc Error: Unicode character к (U+043A)
(inputenc)                not set up for use with LaTeX.

See the inputenc package documentation for explanation.
Type  H <return>  for immediate help.
 ...                                              
                                                  
l.4 ...о-Технический Институт}
                                                  \\
You may provide a definition with
\DeclareUnicodeCharacter 


! Package inputenc Error: Unicode character и (U+0438)
(inputenc)                not set up for use with LaTeX.

See the inputenc package documentation for explanation.
Type  H <return>  for immediate help.
 ...                                              
                                                  
l.4 ...о-Технический Институт}
                                                  \\
You may provide a definition with
\DeclareUnicodeCharacter 


! Package inputenc Error: Unicode character й (U+0439)
(inputenc)                not set up for use with LaTeX.

See the inputenc package documentation for explanation.
Type  H <return>  for immediate help.
 ...                                              
                                                  
l.4 ...о-Технический Институт}
                                                  \\
You may provide a definition with
\DeclareUnicodeCharacter 


! Package inputenc Error: Unicode character И (U+0418)
(inputenc)                not set up for use with LaTeX.

See the inputenc package documentation for explanation.
Type  H <return>  for immediate help.
 ...                                              
                                                  
l.4 ...о-Технический Институт}
                                                  \\
You may provide a definition with
\DeclareUnicodeCharacter 


! Package inputenc Error: Unicode character н (U+043D)
(inputenc)                not set up for use with LaTeX.

See the inputenc package documentation for explanation.
Type  H <return>  for immediate help.
 ...                                              
                                                  
l.4 ...о-Технический Институт}
                                                  \\
You may provide a definition with
\DeclareUnicodeCharacter 


! Package inputenc Error: Unicode character с (U+0441)
(inputenc)                not set up for use with LaTeX.

See the inputenc package documentation for explanation.
Type  H <return>  for immediate help.
 ...                                              
                                                  
l.4 ...о-Технический Институт}
                                                  \\
You may provide a definition with
\DeclareUnicodeCharacter 


! Package inputenc Error: Unicode character т (U+0442)
(inputenc)                not set up for use with LaTeX.

See the inputenc package documentation for explanation.
Type  H <return>  for immediate help.
 ...                                              
                                                  
l.4 ...о-Технический Институт}
                                                  \\
You may provide a definition with
\DeclareUnicodeCharacter 


! Package inputenc Error: Unicode character и (U+0438)
(inputenc)                not set up for use with LaTeX.

See the inputenc package documentation for explanation.
Type  H <return>  for immediate help.
 ...                                              
                                                  
l.4 ...о-Технический Институт}
                                                  \\
You may provide a definition with
\DeclareUnicodeCharacter 


! Package inputenc Error: Unicode character т (U+0442)
(inputenc)                not set up for use with LaTeX.

See the inputenc package documentation for explanation.
Type  H <return>  for immediate help.
 ...                                              
                                                  
l.4 ...о-Технический Институт}
                                                  \\
You may provide a definition with
\DeclareUnicodeCharacter 


! Package inputenc Error: Unicode character у (U+0443)
(inputenc)                not set up for use with LaTeX.

See the inputenc package documentation for explanation.
Type  H <return>  for immediate help.
 ...                                              
                                                  
l.4 ...о-Технический Институт}
                                                  \\
You may provide a definition with
\DeclareUnicodeCharacter 


! Package inputenc Error: Unicode character т (U+0442)
(inputenc)                not set up for use with LaTeX.

See the inputenc package documentation for explanation.
Type  H <return>  for immediate help.
 ...                                              
                                                  
l.4 ...о-Технический Институт}
                                                  \\
You may provide a definition with
\DeclareUnicodeCharacter 


Overfull \hbox (3.83331pt too wide) in paragraph at lines 4--4
 \OT1/cmr/bx/n/10 - 
 []

! Undefined control sequence.
<recently read> \large 
                       
l.5 		\large
            \textbf{(государственный университет)}
The control sequence at the end of the top line
of your error message was never \def'ed. If you have
misspelled it (e.g., `\hobx'), type `I' and the correct
spelling (e.g., `I\hbox'). Otherwise just continue,
and I'll forget about whatever was undefined.


! Package inputenc Error: Unicode character г (U+0433)
(inputenc)                not set up for use with LaTeX.

See the inputenc package documentation for explanation.
Type  H <return>  for immediate help.
 ...                                              
                                                  
l.5 ...рственный университет)}
                                                  
You may provide a definition with
\DeclareUnicodeCharacter 


! Package inputenc Error: Unicode character о (U+043E)
(inputenc)                not set up for use with LaTeX.

See the inputenc package documentation for explanation.
Type  H <return>  for immediate help.
 ...                                              
                                                  
l.5 ...рственный университет)}
                                                  
You may provide a definition with
\DeclareUnicodeCharacter 


! Package inputenc Error: Unicode character с (U+0441)
(inputenc)                not set up for use with LaTeX.

See the inputenc package documentation for explanation.
Type  H <return>  for immediate help.
 ...                                              
                                                  
l.5 ...рственный университет)}
                                                  
You may provide a definition with
\DeclareUnicodeCharacter 


! Package inputenc Error: Unicode character у (U+0443)
(inputenc)                not set up for use with LaTeX.

See the inputenc package documentation for explanation.
Type  H <return>  for immediate help.
 ...                                              
                                                  
l.5 ...рственный университет)}
                                                  
You may provide a definition with
\DeclareUnicodeCharacter 


! Package inputenc Error: Unicode character д (U+0434)
(inputenc)                not set up for use with LaTeX.

See the inputenc package documentation for explanation.
Type  H <return>  for immediate help.
 ...                                              
                                                  
l.5 ...рственный университет)}
                                                  
You may provide a definition with
\DeclareUnicodeCharacter 


! Package inputenc Error: Unicode character а (U+0430)
(inputenc)                not set up for use with LaTeX.

See the inputenc package documentation for explanation.
Type  H <return>  for immediate help.
 ...                                              
                                                  
l.5 ...рственный университет)}
                                                  
You may provide a definition with
\DeclareUnicodeCharacter 


! Package inputenc Error: Unicode character р (U+0440)
(inputenc)                not set up for use with LaTeX.

See the inputenc package documentation for explanation.
Type  H <return>  for immediate help.
 ...                                              
                                                  
l.5 ...рственный университет)}
                                                  
You may provide a definition with
\DeclareUnicodeCharacter 


! Package inputenc Error: Unicode character с (U+0441)
(inputenc)                not set up for use with LaTeX.

See the inputenc package documentation for explanation.
Type  H <return>  for immediate help.
 ...                                              
                                                  
l.5 ...рственный университет)}
                                                  
You may provide a definition with
\DeclareUnicodeCharacter 


! Package inputenc Error: Unicode character т (U+0442)
(inputenc)                not set up for use with LaTeX.

See the inputenc package documentation for explanation.
Type  H <return>  for immediate help.
 ...                                              
                                                  
l.5 ...рственный университет)}
                                                  
You may provide a definition with
\DeclareUnicodeCharacter 


! Package inputenc Error: Unicode character в (U+0432)
(inputenc)                not set up for use with LaTeX.

See the inputenc package documentation for explanation.
Type  H <return>  for immediate help.
 ...                                              
                                                  
l.5 ...рственный университет)}
                                                  
You may provide a definition with
\DeclareUnicodeCharacter 


! Package inputenc Error: Unicode character е (U+0435)
(inputenc)                not set up for use with LaTeX.

See the inputenc package documentation for explanation.
Type  H <return>  for immediate help.
 ...                                              
                                                  
l.5 ...рственный университет)}
                                                  
You may provide a definition with
\DeclareUnicodeCharacter 


! Package inputenc Error: Unicode character н (U+043D)
(inputenc)                not set up for use with LaTeX.

See the inputenc package documentation for explanation.
Type  H <return>  for immediate help.
 ...                                              
                                                  
l.5 ...рственный университет)}
                                                  
You may provide a definition with
\DeclareUnicodeCharacter 


! Package inputenc Error: Unicode character н (U+043D)
(inputenc)                not set up for use with LaTeX.

See the inputenc package documentation for explanation.
Type  H <return>  for immediate help.
 ...                                              
                                                  
l.5 ...рственный университет)}
                                                  
You may provide a definition with
\DeclareUnicodeCharacter 


! Package inputenc Error: Unicode character ы (U+044B)
(inputenc)                not set up for use with LaTeX.

See the inputenc package documentation for explanation.
Type  H <return>  for immediate help.
 ...                                              
                                                  
l.5 ...рственный университет)}
                                                  
You may provide a definition with
\DeclareUnicodeCharacter 


! Package inputenc Error: Unicode character й (U+0439)
(inputenc)                not set up for use with LaTeX.

See the inputenc package documentation for explanation.
Type  H <return>  for immediate help.
 ...                                              
                                                  
l.5 ...рственный университет)}
                                                  
You may provide a definition with
\DeclareUnicodeCharacter 


! Package inputenc Error: Unicode character у (U+0443)
(inputenc)                not set up for use with LaTeX.

See the inputenc package documentation for explanation.
Type  H <return>  for immediate help.
 ...                                              
                                                  
l.5 ...рственный университет)}
                                                  
You may provide a definition with
\DeclareUnicodeCharacter 


! Package inputenc Error: Unicode character н (U+043D)
(inputenc)                not set up for use with LaTeX.

See the inputenc package documentation for explanation.
Type  H <return>  for immediate help.
 ...                                              
                                                  
l.5 ...рственный университет)}
                                                  
You may provide a definition with
\DeclareUnicodeCharacter 


! Package inputenc Error: Unicode character и (U+0438)
(inputenc)                not set up for use with LaTeX.

See the inputenc package documentation for explanation.
Type  H <return>  for immediate help.
 ...                                              
                                                  
l.5 ...рственный университет)}
                                                  
You may provide a definition with
\DeclareUnicodeCharacter 


! Package inputenc Error: Unicode character в (U+0432)
(inputenc)                not set up for use with LaTeX.

See the inputenc package documentation for explanation.
Type  H <return>  for immediate help.
 ...                                              
                                                  
l.5 ...рственный университет)}
                                                  
You may provide a definition with
\DeclareUnicodeCharacter 


! Package inputenc Error: Unicode character е (U+0435)
(inputenc)                not set up for use with LaTeX.

See the inputenc package documentation for explanation.
Type  H <return>  for immediate help.
 ...                                              
                                                  
l.5 ...рственный университет)}
                                                  
You may provide a definition with
\DeclareUnicodeCharacter 


! Package inputenc Error: Unicode character р (U+0440)
(inputenc)                not set up for use with LaTeX.

See the inputenc package documentation for explanation.
Type  H <return>  for immediate help.
 ...                                              
                                                  
l.5 ...рственный университет)}
                                                  
You may provide a definition with
\DeclareUnicodeCharacter 


! Package inputenc Error: Unicode character с (U+0441)
(inputenc)                not set up for use with LaTeX.

See the inputenc package documentation for explanation.
Type  H <return>  for immediate help.
 ...                                              
                                                  
l.5 ...рственный университет)}
                                                  
You may provide a definition with
\DeclareUnicodeCharacter 


! Package inputenc Error: Unicode character и (U+0438)
(inputenc)                not set up for use with LaTeX.

See the inputenc package documentation for explanation.
Type  H <return>  for immediate help.
 ...                                              
                                                  
l.5 ...рственный университет)}
                                                  
You may provide a definition with
\DeclareUnicodeCharacter 


! Package inputenc Error: Unicode character т (U+0442)
(inputenc)                not set up for use with LaTeX.

See the inputenc package documentation for explanation.
Type  H <return>  for immediate help.
 ...                                              
                                                  
l.5 ...рственный университет)}
                                                  
You may provide a definition with
\DeclareUnicodeCharacter 


! Package inputenc Error: Unicode character е (U+0435)
(inputenc)                not set up for use with LaTeX.

See the inputenc package documentation for explanation.
Type  H <return>  for immediate help.
 ...                                              
                                                  
l.5 ...рственный университет)}
                                                  
You may provide a definition with
\DeclareUnicodeCharacter 


! Package inputenc Error: Unicode character т (U+0442)
(inputenc)                not set up for use with LaTeX.

See the inputenc package documentation for explanation.
Type  H <return>  for immediate help.
 ...                                              
                                                  
l.5 ...рственный университет)}
                                                  
You may provide a definition with
\DeclareUnicodeCharacter 


Overfull \hbox (4.4722pt too wide) in paragraph at lines 5--6
 []\OT1/cmr/bx/n/10 ( 
 []


Overfull \hbox (4.4722pt too wide) in paragraph at lines 5--6
 \OT1/cmr/bx/n/10 ) 
 []

! Undefined control sequence.
l.9 		\Large
             Проект для кафедры ЭВМ\\[0.5cm] % Minor head...
The control sequence at the end of the top line
of your error message was never \def'ed. If you have
misspelled it (e.g., `\hobx'), type `I' and the correct
spelling (e.g., `I\hbox'). Otherwise just continue,
and I'll forget about whatever was undefined.


! Package inputenc Error: Unicode character П (U+041F)
(inputenc)                not set up for use with LaTeX.

See the inputenc package documentation for explanation.
Type  H <return>  for immediate help.
 ...                                              
                                                  
l.9 		\Large П
               роект для кафедры ЭВМ\\[0.5cm] % Minor head...

You may provide a definition with
\DeclareUnicodeCharacter 


! Package inputenc Error: Unicode character р (U+0440)
(inputenc)                not set up for use with LaTeX.

See the inputenc package documentation for explanation.
Type  H <return>  for immediate help.
 ...                                              
                                                  
l.9 		\Large Пр
                 оект для кафедры ЭВМ\\[0.5cm] % Minor head...

You may provide a definition with
\DeclareUnicodeCharacter 


! Package inputenc Error: Unicode character о (U+043E)
(inputenc)                not set up for use with LaTeX.

See the inputenc package documentation for explanation.
Type  H <return>  for immediate help.
 ...                                              
                                                  
l.9 		\Large Про
                   ект для кафедры ЭВМ\\[0.5cm] % Minor head...

You may provide a definition with
\DeclareUnicodeCharacter 


! Package inputenc Error: Unicode character е (U+0435)
(inputenc)                not set up for use with LaTeX.

See the inputenc package documentation for explanation.
Type  H <return>  for immediate help.
 ...                                              
                                                  
l.9 		\Large Прое
                     кт для кафедры ЭВМ\\[0.5cm] % Minor head...

You may provide a definition with
\DeclareUnicodeCharacter 


! Package inputenc Error: Unicode character к (U+043A)
(inputenc)                not set up for use with LaTeX.

See the inputenc package documentation for explanation.
Type  H <return>  for immediate help.
 ...                                              
                                                  
l.9 		\Large Проек
                       т для кафедры ЭВМ\\[0.5cm] % Minor head...

You may provide a definition with
\DeclareUnicodeCharacter 


! Package inputenc Error: Unicode character т (U+0442)
(inputenc)                not set up for use with LaTeX.

See the inputenc package documentation for explanation.
Type  H <return>  for immediate help.
 ...                                              
                                                  
l.9 		\Large Проект
                          для кафедры ЭВМ\\[0.5cm] % Minor head...

You may provide a definition with
\DeclareUnicodeCharacter 


! Package inputenc Error: Unicode character д (U+0434)
(inputenc)                not set up for use with LaTeX.

See the inputenc package documentation for explanation.
Type  H <return>  for immediate help.
 ...                                              
                                                  
l.9 		\Large Проект д
                            ля кафедры ЭВМ\\[0.5cm] % Minor head...

You may provide a definition with
\DeclareUnicodeCharacter 


! Package inputenc Error: Unicode character л (U+043B)
(inputenc)                not set up for use with LaTeX.

See the inputenc package documentation for explanation.
Type  H <return>  for immediate help.
 ...                                              
                                                  
l.9 		\Large Проект дл
                              я кафедры ЭВМ\\[0.5cm] % Minor head...

You may provide a definition with
\DeclareUnicodeCharacter 


! Package inputenc Error: Unicode character я (U+044F)
(inputenc)                not set up for use with LaTeX.

See the inputenc package documentation for explanation.
Type  H <return>  for immediate help.
 ...                                              
                                                  
l.9 		\Large Проект для
                                 кафедры ЭВМ\\[0.5cm] % Minor head...

You may provide a definition with
\DeclareUnicodeCharacter 


! Package inputenc Error: Unicode character к (U+043A)
(inputenc)                not set up for use with LaTeX.

See the inputenc package documentation for explanation.
Type  H <return>  for immediate help.
 ...                                              
                                                  
l.9 		\Large Проект для к
                                   афедры ЭВМ\\[0.5cm] % Minor head...

You may provide a definition with
\DeclareUnicodeCharacter 


! Package inputenc Error: Unicode character а (U+0430)
(inputenc)                not set up for use with LaTeX.

See the inputenc package documentation for explanation.
Type  H <return>  for immediate help.
 ...                                              
                                                  
l.9 		\Large Проект для ка
                                     федры ЭВМ\\[0.5cm] % Minor head...

You may provide a definition with
\DeclareUnicodeCharacter 


! Package inputenc Error: Unicode character ф (U+0444)
(inputenc)                not set up for use with LaTeX.

See the inputenc package documentation for explanation.
Type  H <return>  for immediate help.
 ...                                              
                                                  
l.9 		\Large Проект для каф
                                       едры ЭВМ\\[0.5cm] % Minor head...

You may provide a definition with
\DeclareUnicodeCharacter 


! Package inputenc Error: Unicode character е (U+0435)
(inputenc)                not set up for use with LaTeX.

See the inputenc package documentation for explanation.
Type  H <return>  for immediate help.
 ...                                              
                                                  
l.9 		\Large Проект для кафе
                                         дры ЭВМ\\[0.5cm] % Minor head...

You may provide a definition with
\DeclareUnicodeCharacter 


! Package inputenc Error: Unicode character д (U+0434)
(inputenc)                not set up for use with LaTeX.

See the inputenc package documentation for explanation.
Type  H <return>  for immediate help.
 ...                                              
                                                  
l.9 		\Large Проект для кафед
                                           ры ЭВМ\\[0.5cm] % Minor head...

You may provide a definition with
\DeclareUnicodeCharacter 


! Package inputenc Error: Unicode character р (U+0440)
(inputenc)                not set up for use with LaTeX.

See the inputenc package documentation for explanation.
Type  H <return>  for immediate help.
 ...                                              
                                                  
l.9 		\Large Проект для кафедр
                                             ы ЭВМ\\[0.5cm] % Minor head...

You may provide a definition with
\DeclareUnicodeCharacter 


! Package inputenc Error: Unicode character ы (U+044B)
(inputenc)                not set up for use with LaTeX.

See the inputenc package documentation for explanation.
Type  H <return>  for immediate help.
 ...                                              
                                                  
l.9 		\Large Проект для кафедры
                                                ЭВМ\\[0.5cm] % Minor head...

You may provide a definition with
\DeclareUnicodeCharacter 


! Package inputenc Error: Unicode character Э (U+042D)
(inputenc)                not set up for use with LaTeX.

See the inputenc package documentation for explanation.
Type  H <return>  for immediate help.
 ...                                              
                                                  
l.9 		\Large Проект для кафедры Э
                                                  ВМ\\[0.5cm] % Minor head...

You may provide a definition with
\DeclareUnicodeCharacter 


! Package inputenc Error: Unicode character В (U+0412)
(inputenc)                not set up for use with LaTeX.

See the inputenc package documentation for explanation.
Type  H <return>  for immediate help.
 ...                                              
                                                  
l.9 ...rge Проект для кафедры ЭВ
                                                  М\\[0.5cm] % Minor headin...

You may provide a definition with
\DeclareUnicodeCharacter 


! Package inputenc Error: Unicode character М (U+041C)
(inputenc)                not set up for use with LaTeX.

See the inputenc package documentation for explanation.
Type  H <return>  for immediate help.
 ...                                              
                                                  
l.9 ...e Проект для кафедры ЭВМ
                                                  \\[0.5cm] % Minor heading ...

You may provide a definition with
\DeclareUnicodeCharacter 


! LaTeX Error: There's no line here to end.

See the LaTeX manual or LaTeX Companion for explanation.
Type  H <return>  for immediate help.
 ...                                              
                                                  
l.9 ...Проект для кафедры ЭВМ\\
                                                  [0.5cm] % Minor heading su...

Your command was ignored.
Type  I <command> <return>  to replace it with another command,
or  <return>  to continue without it.

! Undefined control sequence.
l.17 		{ \huge
               \bfseries Датчик дыхания \newline}
The control sequence at the end of the top line
of your error message was never \def'ed. If you have
misspelled it (e.g., `\hobx'), type `I' and the correct
spelling (e.g., `I\hbox'). Otherwise just continue,
and I'll forget about whatever was undefined.


! Package inputenc Error: Unicode character Д (U+0414)
(inputenc)                not set up for use with LaTeX.

See the inputenc package documentation for explanation.
Type  H <return>  for immediate help.
 ...                                              
                                                  
l.17 		{ \huge \bfseries Д
                           атчик дыхания \newline}
You may provide a definition with
\DeclareUnicodeCharacter 


! Package inputenc Error: Unicode character а (U+0430)
(inputenc)                not set up for use with LaTeX.

See the inputenc package documentation for explanation.
Type  H <return>  for immediate help.
 ...                                              
                                                  
l.17 		{ \huge \bfseries Да
                             тчик дыхания \newline}
You may provide a definition with
\DeclareUnicodeCharacter 


! Package inputenc Error: Unicode character т (U+0442)
(inputenc)                not set up for use with LaTeX.

See the inputenc package documentation for explanation.
Type  H <return>  for immediate help.
 ...                                              
                                                  
l.17 		{ \huge \bfseries Дат
                               чик дыхания \newline}
You may provide a definition with
\DeclareUnicodeCharacter 


! Package inputenc Error: Unicode character ч (U+0447)
(inputenc)                not set up for use with LaTeX.

See the inputenc package documentation for explanation.
Type  H <return>  for immediate help.
 ...                                              
                                                  
l.17 		{ \huge \bfseries Датч
                                 ик дыхания \newline}
You may provide a definition with
\DeclareUnicodeCharacter 


! Package inputenc Error: Unicode character и (U+0438)
(inputenc)                not set up for use with LaTeX.

See the inputenc package documentation for explanation.
Type  H <return>  for immediate help.
 ...                                              
                                                  
l.17 		{ \huge \bfseries Датчи
                                   к дыхания \newline}
You may provide a definition with
\DeclareUnicodeCharacter 


! Package inputenc Error: Unicode character к (U+043A)
(inputenc)                not set up for use with LaTeX.

See the inputenc package documentation for explanation.
Type  H <return>  for immediate help.
 ...                                              
                                                  
l.17 		{ \huge \bfseries Датчик
                                      дыхания \newline}
You may provide a definition with
\DeclareUnicodeCharacter 


! Package inputenc Error: Unicode character д (U+0434)
(inputenc)                not set up for use with LaTeX.

See the inputenc package documentation for explanation.
Type  H <return>  for immediate help.
 ...                                              
                                                  
l.17 		{ \huge \bfseries Датчик д
                                        ыхания \newline}
You may provide a definition with
\DeclareUnicodeCharacter 


! Package inputenc Error: Unicode character ы (U+044B)
(inputenc)                not set up for use with LaTeX.

See the inputenc package documentation for explanation.
Type  H <return>  for immediate help.
 ...                                              
                                                  
l.17 		{ \huge \bfseries Датчик ды
                                          хания \newline}
You may provide a definition with
\DeclareUnicodeCharacter 


! Package inputenc Error: Unicode character х (U+0445)
(inputenc)                not set up for use with LaTeX.

See the inputenc package documentation for explanation.
Type  H <return>  for immediate help.
 ...                                              
                                                  
l.17 		{ \huge \bfseries Датчик дых
                                            ания \newline}
You may provide a definition with
\DeclareUnicodeCharacter 


! Package inputenc Error: Unicode character а (U+0430)
(inputenc)                not set up for use with LaTeX.

See the inputenc package documentation for explanation.
Type  H <return>  for immediate help.
 ...                                              
                                                  
l.17 		{ \huge \bfseries Датчик дыха
                                              ния \newline}
You may provide a definition with
\DeclareUnicodeCharacter 


! Package inputenc Error: Unicode character н (U+043D)
(inputenc)                not set up for use with LaTeX.

See the inputenc package documentation for explanation.
Type  H <return>  for immediate help.
 ...                                              
                                                  
l.17 		{ \huge \bfseries Датчик дыхан
                                                ия \newline}
You may provide a definition with
\DeclareUnicodeCharacter 


! Package inputenc Error: Unicode character и (U+0438)
(inputenc)                not set up for use with LaTeX.

See the inputenc package documentation for explanation.
Type  H <return>  for immediate help.
 ...                                              
                                                  
l.17 		{ \huge \bfseries Датчик дыхани
                                                  я \newline}
You may provide a definition with
\DeclareUnicodeCharacter 


! Package inputenc Error: Unicode character я (U+044F)
(inputenc)                not set up for use with LaTeX.

See the inputenc package documentation for explanation.
Type  H <return>  for immediate help.
 ...                                              
                                                  
l.17 ...huge \bfseries Датчик дыхания
                                                   \newline}
You may provide a definition with
\DeclareUnicodeCharacter 


! LaTeX Error: There's no line here to end.

See the LaTeX manual or LaTeX Companion for explanation.
Type  H <return>  for immediate help.
 ...                                              
                                                  
l.17 ...eries Датчик дыхания \newline
                                                  }
Your command was ignored.
Type  I <command> <return>  to replace it with another command,
or  <return>  to continue without it.


! LaTeX Error: There's no line here to end.

See the LaTeX manual or LaTeX Companion for explanation.
Type  H <return>  for immediate help.
 ...                                              
                                                  
l.18 		\\
         [0.4cm] % Title of your document
Your command was ignored.
Type  I <command> <return>  to replace it with another command,
or  <return>  to continue without it.

! Undefined control sequence.
<recently read> \large 
                       
l.23 	\textbf{\large Автор:}
                                  \\	
The control sequence at the end of the top line
of your error message was never \def'ed. If you have
misspelled it (e.g., `\hobx'), type `I' and the correct
spelling (e.g., `I\hbox'). Otherwise just continue,
and I'll forget about whatever was undefined.


! Package inputenc Error: Unicode character А (U+0410)
(inputenc)                not set up for use with LaTeX.

See the inputenc package documentation for explanation.
Type  H <return>  for immediate help.
 ...                                              
                                                  
l.23 	\textbf{\large Автор:}
                                  \\	
You may provide a definition with
\DeclareUnicodeCharacter 


! Package inputenc Error: Unicode character в (U+0432)
(inputenc)                not set up for use with LaTeX.

See the inputenc package documentation for explanation.
Type  H <return>  for immediate help.
 ...                                              
                                                  
l.23 	\textbf{\large Автор:}
                                  \\	
You may provide a definition with
\DeclareUnicodeCharacter 


! Package inputenc Error: Unicode character т (U+0442)
(inputenc)                not set up for use with LaTeX.

See the inputenc package documentation for explanation.
Type  H <return>  for immediate help.
 ...                                              
                                                  
l.23 	\textbf{\large Автор:}
                                  \\	
You may provide a definition with
\DeclareUnicodeCharacter 


! Package inputenc Error: Unicode character о (U+043E)
(inputenc)                not set up for use with LaTeX.

See the inputenc package documentation for explanation.
Type  H <return>  for immediate help.
 ...                                              
                                                  
l.23 	\textbf{\large Автор:}
                                  \\	
You may provide a definition with
\DeclareUnicodeCharacter 


! Package inputenc Error: Unicode character р (U+0440)
(inputenc)                not set up for use with LaTeX.

See the inputenc package documentation for explanation.
Type  H <return>  for immediate help.
 ...                                              
                                                  
l.23 	\textbf{\large Автор:}
                                  \\	
You may provide a definition with
\DeclareUnicodeCharacter 


Overfull \hbox (3.19443pt too wide) in paragraph at lines 23--23
 []\OT1/cmr/bx/n/10 : 
 []

! Undefined control sequence.
<recently read> \large 
                       
l.24 	\large
             Капылов Максим Б01-001
The control sequence at the end of the top line
of your error message was never \def'ed. If you have
misspelled it (e.g., `\hobx'), type `I' and the correct
spelling (e.g., `I\hbox'). Otherwise just continue,
and I'll forget about whatever was undefined.


! Package inputenc Error: Unicode character К (U+041A)
(inputenc)                not set up for use with LaTeX.

See the inputenc package documentation for explanation.
Type  H <return>  for immediate help.
 ...                                              
                                                  
l.24 	\large К
               апылов Максим Б01-001
You may provide a definition with
\DeclareUnicodeCharacter 


! Package inputenc Error: Unicode character а (U+0430)
(inputenc)                not set up for use with LaTeX.

See the inputenc package documentation for explanation.
Type  H <return>  for immediate help.
 ...                                              
                                                  
l.24 	\large Ка
                 пылов Максим Б01-001
You may provide a definition with
\DeclareUnicodeCharacter 


! Package inputenc Error: Unicode character п (U+043F)
(inputenc)                not set up for use with LaTeX.

See the inputenc package documentation for explanation.
Type  H <return>  for immediate help.
 ...                                              
                                                  
l.24 	\large Кап
                   ылов Максим Б01-001
You may provide a definition with
\DeclareUnicodeCharacter 


! Package inputenc Error: Unicode character ы (U+044B)
(inputenc)                not set up for use with LaTeX.

See the inputenc package documentation for explanation.
Type  H <return>  for immediate help.
 ...                                              
                                                  
l.24 	\large Капы
                     лов Максим Б01-001
You may provide a definition with
\DeclareUnicodeCharacter 


! Package inputenc Error: Unicode character л (U+043B)
(inputenc)                not set up for use with LaTeX.

See the inputenc package documentation for explanation.
Type  H <return>  for immediate help.
 ...                                              
                                                  
l.24 	\large Капыл
                       ов Максим Б01-001
You may provide a definition with
\DeclareUnicodeCharacter 


! Package inputenc Error: Unicode character о (U+043E)
(inputenc)                not set up for use with LaTeX.

See the inputenc package documentation for explanation.
Type  H <return>  for immediate help.
 ...                                              
                                                  
l.24 	\large Капыло
                         в Максим Б01-001
You may provide a definition with
\DeclareUnicodeCharacter 


! Package inputenc Error: Unicode character в (U+0432)
(inputenc)                not set up for use with LaTeX.

See the inputenc package documentation for explanation.
Type  H <return>  for immediate help.
 ...                                              
                                                  
l.24 	\large Капылов
                            Максим Б01-001
You may provide a definition with
\DeclareUnicodeCharacter 


! Package inputenc Error: Unicode character М (U+041C)
(inputenc)                not set up for use with LaTeX.

See the inputenc package documentation for explanation.
Type  H <return>  for immediate help.
 ...                                              
                                                  
l.24 	\large Капылов М
                              аксим Б01-001
You may provide a definition with
\DeclareUnicodeCharacter 


! Package inputenc Error: Unicode character а (U+0430)
(inputenc)                not set up for use with LaTeX.

See the inputenc package documentation for explanation.
Type  H <return>  for immediate help.
 ...                                              
                                                  
l.24 	\large Капылов Ма
                                ксим Б01-001
You may provide a definition with
\DeclareUnicodeCharacter 


! Package inputenc Error: Unicode character к (U+043A)
(inputenc)                not set up for use with LaTeX.

See the inputenc package documentation for explanation.
Type  H <return>  for immediate help.
 ...                                              
                                                  
l.24 	\large Капылов Мак
                                  сим Б01-001
You may provide a definition with
\DeclareUnicodeCharacter 


! Package inputenc Error: Unicode character с (U+0441)
(inputenc)                not set up for use with LaTeX.

See the inputenc package documentation for explanation.
Type  H <return>  for immediate help.
 ...                                              
                                                  
l.24 	\large Капылов Макс
                                    им Б01-001
You may provide a definition with
\DeclareUnicodeCharacter 


! Package inputenc Error: Unicode character и (U+0438)
(inputenc)                not set up for use with LaTeX.

See the inputenc package documentation for explanation.
Type  H <return>  for immediate help.
 ...                                              
                                                  
l.24 	\large Капылов Макси
                                      м Б01-001
You may provide a definition with
\DeclareUnicodeCharacter 


! Package inputenc Error: Unicode character м (U+043C)
(inputenc)                not set up for use with LaTeX.

See the inputenc package documentation for explanation.
Type  H <return>  for immediate help.
 ...                                              
                                                  
l.24 	\large Капылов Максим
                                         Б01-001
You may provide a definition with
\DeclareUnicodeCharacter 


! Package inputenc Error: Unicode character Б (U+0411)
(inputenc)                not set up for use with LaTeX.

See the inputenc package documentation for explanation.
Type  H <return>  for immediate help.
 ...                                              
                                                  
l.24 	\large Капылов Максим Б
                                           01-001
You may provide a definition with
\DeclareUnicodeCharacter 

Missing character: There is no 0 in font nullfont!
Missing character: There is no 1 in font nullfont!
Missing character: There is no - in font nullfont!
Missing character: There is no 0 in font nullfont!
Missing character: There is no 0 in font nullfont!
Missing character: There is no 1 in font nullfont!
! Undefined control sequence.
l.27 		\hspace*{-0.8 cm}\includegraphics
                                        [width=100 pt]{frkt_logo}\\
The control sequence at the end of the top line
of your error message was never \def'ed. If you have
misspelled it (e.g., `\hobx'), type `I' and the correct
spelling (e.g., `I\hbox'). Otherwise just continue,
and I'll forget about whatever was undefined.

Missing character: There is no [ in font nullfont!
Missing character: There is no w in font nullfont!
Missing character: There is no i in font nullfont!
Missing character: There is no d in font nullfont!
Missing character: There is no t in font nullfont!
Missing character: There is no h in font nullfont!
Missing character: There is no = in font nullfont!
Missing character: There is no 1 in font nullfont!
Missing character: There is no 0 in font nullfont!
Missing character: There is no 0 in font nullfont!
Missing character: There is no p in font nullfont!
Missing character: There is no t in font nullfont!
Missing character: There is no ] in font nullfont!
Missing character: There is no f in font nullfont!
Missing character: There is no r in font nullfont!
Missing character: There is no k in font nullfont!
Missing character: There is no t in font nullfont!
! Missing $ inserted.
<inserted text> 
                $
l.27 ....8 cm}\includegraphics[width=100 pt]{frkt_
                                                  logo}\\
I've inserted a begin-math/end-math symbol since I think
you left one out. Proceed, with fingers crossed.

LaTeX Font Info:    External font `cmex10' loaded for size
(Font)              <7> on input line 27.
LaTeX Font Info:    External font `cmex10' loaded for size
(Font)              <5> on input line 27.
! Extra }, or forgotten $.
l.27 ...}\includegraphics[width=100 pt]{frkt_logo}
                                                  \\
I've deleted a group-closing symbol because it seems to be
spurious, as in `$x}$'. But perhaps the } is legitimate and
you forgot something else, as in `\hbox{$x}'. In such cases
the way to recover is to insert both the forgotten and the
deleted material, e.g., by typing `I$}'.


! LaTeX Error: There's no line here to end.

See the LaTeX manual or LaTeX Companion for explanation.
Type  H <return>  for immediate help.
 ...                                              
                                                  
l.27 ...includegraphics[width=100 pt]{frkt_logo}\\
                                                  
Your command was ignored.
Type  I <command> <return>  to replace it with another command,
or  <return>  to continue without it.

! Missing $ inserted.
<inserted text> 
                $
l.27 ...includegraphics[width=100 pt]{frkt_logo}\\
                                                  
I've inserted a begin-math/end-math symbol since I think
you left one out. Proceed, with fingers crossed.

! Missing } inserted.
<inserted text> 
                }
l.27 ...includegraphics[width=100 pt]{frkt_logo}\\
                                                  
I've inserted something that you may have forgotten.
(See the <inserted text> above.)
With luck, this will get me unwedged. But if you
really didn't forget anything, try typing `2' now; then
my insertion and my current dilemma will both disappear.

! Undefined control sequence.
<recently read> \large 
                       
l.28 		\large
              Долгопрудный, 2022
The control sequence at the end of the top line
of your error message was never \def'ed. If you have
misspelled it (e.g., `\hobx'), type `I' and the correct
spelling (e.g., `I\hbox'). Otherwise just continue,
and I'll forget about whatever was undefined.


! Package inputenc Error: Unicode character Д (U+0414)
(inputenc)                not set up for use with LaTeX.

See the inputenc package documentation for explanation.
Type  H <return>  for immediate help.
 ...                                              
                                                  
l.28 		\large Д
                олгопрудный, 2022
You may provide a definition with
\DeclareUnicodeCharacter 


! Package inputenc Error: Unicode character о (U+043E)
(inputenc)                not set up for use with LaTeX.

See the inputenc package documentation for explanation.
Type  H <return>  for immediate help.
 ...                                              
                                                  
l.28 		\large До
                  лгопрудный, 2022
You may provide a definition with
\DeclareUnicodeCharacter 


! Package inputenc Error: Unicode character л (U+043B)
(inputenc)                not set up for use with LaTeX.

See the inputenc package documentation for explanation.
Type  H <return>  for immediate help.
 ...                                              
                                                  
l.28 		\large Дол
                    гопрудный, 2022
You may provide a definition with
\DeclareUnicodeCharacter 


! Package inputenc Error: Unicode character г (U+0433)
(inputenc)                not set up for use with LaTeX.

See the inputenc package documentation for explanation.
Type  H <return>  for immediate help.
 ...                                              
                                                  
l.28 		\large Долг
                      опрудный, 2022
You may provide a definition with
\DeclareUnicodeCharacter 


! Package inputenc Error: Unicode character о (U+043E)
(inputenc)                not set up for use with LaTeX.

See the inputenc package documentation for explanation.
Type  H <return>  for immediate help.
 ...                                              
                                                  
l.28 		\large Долго
                        прудный, 2022
You may provide a definition with
\DeclareUnicodeCharacter 


! Package inputenc Error: Unicode character п (U+043F)
(inputenc)                not set up for use with LaTeX.

See the inputenc package documentation for explanation.
Type  H <return>  for immediate help.
 ...                                              
                                                  
l.28 		\large Долгоп
                          рудный, 2022
You may provide a definition with
\DeclareUnicodeCharacter 


! Package inputenc Error: Unicode character р (U+0440)
(inputenc)                not set up for use with LaTeX.

See the inputenc package documentation for explanation.
Type  H <return>  for immediate help.
 ...                                              
                                                  
l.28 		\large Долгопр
                            удный, 2022
You may provide a definition with
\DeclareUnicodeCharacter 


! Package inputenc Error: Unicode character у (U+0443)
(inputenc)                not set up for use with LaTeX.

See the inputenc package documentation for explanation.
Type  H <return>  for immediate help.
 ...                                              
                                                  
l.28 		\large Долгопру
                              дный, 2022
You may provide a definition with
\DeclareUnicodeCharacter 


! Package inputenc Error: Unicode character д (U+0434)
(inputenc)                not set up for use with LaTeX.

See the inputenc package documentation for explanation.
Type  H <return>  for immediate help.
 ...                                              
                                                  
l.28 		\large Долгопруд
                                ный, 2022
You may provide a definition with
\DeclareUnicodeCharacter 


! Package inputenc Error: Unicode character н (U+043D)
(inputenc)                not set up for use with LaTeX.

See the inputenc package documentation for explanation.
Type  H <return>  for immediate help.
 ...                                              
                                                  
l.28 		\large Долгопрудн
                                  ый, 2022
You may provide a definition with
\DeclareUnicodeCharacter 


! Package inputenc Error: Unicode character ы (U+044B)
(inputenc)                not set up for use with LaTeX.

See the inputenc package documentation for explanation.
Type  H <return>  for immediate help.
 ...                                              
                                                  
l.28 		\large Долгопрудны
                                    й, 2022
You may provide a definition with
\DeclareUnicodeCharacter 


! Package inputenc Error: Unicode character й (U+0439)
(inputenc)                not set up for use with LaTeX.

See the inputenc package documentation for explanation.
Type  H <return>  for immediate help.
 ...                                              
                                                  
l.28 		\large Долгопрудный
                                      , 2022
You may provide a definition with
\DeclareUnicodeCharacter 

Missing character: There is no , in font nullfont!
Missing character: There is no 2 in font nullfont!
Missing character: There is no 0 in font nullfont!
Missing character: There is no 2 in font nullfont!
Missing character: There is no 2 in font nullfont!

! LaTeX Error: The font size command \normalsize is not defined:
               there is probably something wrong with the class file.

See the LaTeX manual or LaTeX Companion for explanation.
Type  H <return>  for immediate help.
 ...                                              
                                                  
l.31 \newpage
             
Your command was ignored.
Type  I <command> <return>  to replace it with another command,
or  <return>  to continue without it.

[1{C:/Users/Lenovo/AppData/Local/MiKTeX/pdftex/config/pdftex.map}]
! Undefined control sequence.
l.33 \fancyfoot
               [c]{\thepage}
The control sequence at the end of the top line
of your error message was never \def'ed. If you have
misspelled it (e.g., `\hobx'), type `I' and the correct
spelling (e.g., `I\hbox'). Otherwise just continue,
and I'll forget about whatever was undefined.

Missing character: There is no [ in font nullfont!
Missing character: There is no c in font nullfont!
Missing character: There is no ] in font nullfont!
! Undefined control sequence.
l.33 \fancyfoot[c]{\thepage
                           }
The control sequence at the end of the top line
of your error message was never \def'ed. If you have
misspelled it (e.g., `\hobx'), type `I' and the correct
spelling (e.g., `I\hbox'). Otherwise just continue,
and I'll forget about whatever was undefined.

! Undefined control sequence.
l.34 \fancyhead
               [L] {Кафедра ЭВМ}
The control sequence at the end of the top line
of your error message was never \def'ed. If you have
misspelled it (e.g., `\hobx'), type `I' and the correct
spelling (e.g., `I\hbox'). Otherwise just continue,
and I'll forget about whatever was undefined.

Missing character: There is no [ in font nullfont!
Missing character: There is no L in font nullfont!
Missing character: There is no ] in font nullfont!

! Package inputenc Error: Unicode character К (U+041A)
(inputenc)                not set up for use with LaTeX.

See the inputenc package documentation for explanation.
Type  H <return>  for immediate help.
 ...                                              
                                                  
l.34 \fancyhead[L] {К
                      афедра ЭВМ}
You may provide a definition with
\DeclareUnicodeCharacter 


! Package inputenc Error: Unicode character а (U+0430)
(inputenc)                not set up for use with LaTeX.

See the inputenc package documentation for explanation.
Type  H <return>  for immediate help.
 ...                                              
                                                  
l.34 \fancyhead[L] {Ка
                        федра ЭВМ}
You may provide a definition with
\DeclareUnicodeCharacter 


! Package inputenc Error: Unicode character ф (U+0444)
(inputenc)                not set up for use with LaTeX.

See the inputenc package documentation for explanation.
Type  H <return>  for immediate help.
 ...                                              
                                                  
l.34 \fancyhead[L] {Каф
                          едра ЭВМ}
You may provide a definition with
\DeclareUnicodeCharacter 


! Package inputenc Error: Unicode character е (U+0435)
(inputenc)                not set up for use with LaTeX.

See the inputenc package documentation for explanation.
Type  H <return>  for immediate help.
 ...                                              
                                                  
l.34 \fancyhead[L] {Кафе
                            дра ЭВМ}
You may provide a definition with
\DeclareUnicodeCharacter 


! Package inputenc Error: Unicode character д (U+0434)
(inputenc)                not set up for use with LaTeX.

See the inputenc package documentation for explanation.
Type  H <return>  for immediate help.
 ...                                              
                                                  
l.34 \fancyhead[L] {Кафед
                              ра ЭВМ}
You may provide a definition with
\DeclareUnicodeCharacter 


! Package inputenc Error: Unicode character р (U+0440)
(inputenc)                not set up for use with LaTeX.

See the inputenc package documentation for explanation.
Type  H <return>  for immediate help.
 ...                                              
                                                  
l.34 \fancyhead[L] {Кафедр
                                а ЭВМ}
You may provide a definition with
\DeclareUnicodeCharacter 


! Package inputenc Error: Unicode character а (U+0430)
(inputenc)                not set up for use with LaTeX.

See the inputenc package documentation for explanation.
Type  H <return>  for immediate help.
 ...                                              
                                                  
l.34 \fancyhead[L] {Кафедра
                                   ЭВМ}
You may provide a definition with
\DeclareUnicodeCharacter 


! Package inputenc Error: Unicode character Э (U+042D)
(inputenc)                not set up for use with LaTeX.

See the inputenc package documentation for explanation.
Type  H <return>  for immediate help.
 ...                                              
                                                  
l.34 \fancyhead[L] {Кафедра Э
                                     ВМ}
You may provide a definition with
\DeclareUnicodeCharacter 


! Package inputenc Error: Unicode character В (U+0412)
(inputenc)                not set up for use with LaTeX.

See the inputenc package documentation for explanation.
Type  H <return>  for immediate help.
 ...                                              
                                                  
l.34 \fancyhead[L] {Кафедра ЭВ
                                       М}
You may provide a definition with
\DeclareUnicodeCharacter 


! Package inputenc Error: Unicode character М (U+041C)
(inputenc)                not set up for use with LaTeX.

See the inputenc package documentation for explanation.
Type  H <return>  for immediate help.
 ...                                              
                                                  
l.34 \fancyhead[L] {Кафедра ЭВМ
                                         }
You may provide a definition with
\DeclareUnicodeCharacter 

! Undefined control sequence.
l.35 \fancyhead
               [R]{}
The control sequence at the end of the top line
of your error message was never \def'ed. If you have
misspelled it (e.g., `\hobx'), type `I' and the correct
spelling (e.g., `I\hbox'). Otherwise just continue,
and I'll forget about whatever was undefined.

Missing character: There is no [ in font nullfont!
Missing character: There is no R in font nullfont!
Missing character: There is no ] in font nullfont!
)
! Emergency stop.
<*> ./title.tex
               
*** (job aborted, no legal \end found)

 
Here is how much of TeX's memory you used:
 59 strings out of 478864
 625 string characters out of 2865142
 294975 words of memory out of 3000000
 18082 multiletter control sequences out of 15000+600000
 403738 words of font info for 28 fonts, out of 8000000 for 9000
 1141 hyphenation exceptions out of 8191
 23i,5n,23p,160b,138s stack positions out of 5000i,500n,10000p,200000b,80000s
!  ==> Fatal error occurred, no output PDF file produced!
